<?xml version="1.0" encoding="UTF-8"?>
<!-- Generated by org.testng.reporters.JUnitXMLReporter -->
<testsuite ignored="0" hostname="USHYDPAVAMSHI1" failures="1" tests="5" name="Default test" time="81.557" errors="0" timestamp="2022-06-14T19:36:52 IST">
  <testcase classname="com.sample.tests.HomePageTest" name="verifyUserNameOnHomePage" time="30.019">
    <failure type="java.lang.NullPointerException" message="Cannot invoke &amp;quot;String.equalsIgnoreCase(String)&amp;quot; because the return value of &amp;quot;com.sample.utilities.commonFunctions.getTextFromElement(PageObjects.PageObjects)&amp;quot; is null">
      <![CDATA[java.lang.NullPointerException: Cannot invoke "String.equalsIgnoreCase(String)" because the return value of "com.sample.utilities.commonFunctions.getTextFromElement(PageObjects.PageObjects)" is null
at com.sample.utilities.commonFunctions.elementPresentEqualsText(commonFunctions.java:101)
at com.sample.pages.HomePage.GetUserNameOnHomePage(HomePage.java:33)
at com.sample.tests.HomePageTest.verifyUserNameOnHomePage(HomePageTest.java:48)
at java.base/jdk.internal.reflect.NativeMethodAccessorImpl.invoke0(Native Method)
at java.base/jdk.internal.reflect.NativeMethodAccessorImpl.invoke(NativeMethodAccessorImpl.java:64)
at java.base/jdk.internal.reflect.DelegatingMethodAccessorImpl.invoke(DelegatingMethodAccessorImpl.java:43)
at java.base/java.lang.reflect.Method.invoke(Method.java:564)
at org.testng.internal.MethodInvocationHelper.invokeMethod(MethodInvocationHelper.java:133)
at org.testng.internal.TestInvoker.invokeMethod(TestInvoker.java:598)
at org.testng.internal.TestInvoker.invokeTestMethod(TestInvoker.java:173)
at org.testng.internal.MethodRunner.runInSequence(MethodRunner.java:46)
at org.testng.internal.TestInvoker$MethodInvocationAgent.invoke(TestInvoker.java:824)
at org.testng.internal.TestInvoker.invokeTestMethods(TestInvoker.java:146)
at org.testng.internal.TestMethodWorker.invokeTestMethods(TestMethodWorker.java:146)
at org.testng.internal.TestMethodWorker.run(TestMethodWorker.java:128)
at java.base/java.util.ArrayList.forEach(ArrayList.java:1511)
at org.testng.TestRunner.privateRun(TestRunner.java:794)
at org.testng.TestRunner.run(TestRunner.java:596)
at org.testng.SuiteRunner.runTest(SuiteRunner.java:377)
at org.testng.SuiteRunner.runSequentially(SuiteRunner.java:371)
at org.testng.SuiteRunner.privateRun(SuiteRunner.java:332)
at org.testng.SuiteRunner.run(SuiteRunner.java:276)
at org.testng.SuiteRunnerWorker.runSuite(SuiteRunnerWorker.java:53)
at org.testng.SuiteRunnerWorker.run(SuiteRunnerWorker.java:96)
at org.testng.TestNG.runSuitesSequentially(TestNG.java:1212)
at org.testng.TestNG.runSuitesLocally(TestNG.java:1134)
at org.testng.TestNG.runSuites(TestNG.java:1063)
at org.testng.TestNG.run(TestNG.java:1031)
at org.testng.remote.AbstractRemoteTestNG.run(AbstractRemoteTestNG.java:115)
at org.testng.remote.RemoteTestNG.initAndRun(RemoteTestNG.java:251)
at org.testng.remote.RemoteTestNG.main(RemoteTestNG.java:77)
]]>
    </failure>
  </testcase> <!-- verifyUserNameOnHomePage -->
  <testcase classname="com.sample.tests.HomePageTest" name="searchforParticularItem" time="0.0">
    <skipped/>
  </testcase> <!-- searchforParticularItem -->
  <testcase classname="com.sample.tests.HomePageTest" name="addPayementOptions" time="0.0">
    <skipped/>
  </testcase> <!-- addPayementOptions -->
  <testcase classname="com.sample.tests.HomePageTest" name="deselectItems" time="0.0">
    <skipped/>
  </testcase> <!-- deselectItems -->
  <testcase classname="com.sample.tests.HomePageTest" name="verifyItemAddedToCart" time="0.0">
    <skipped/>
  </testcase> <!-- verifyItemAddedToCart -->
</testsuite> <!-- Default test -->
